[ 2021-01-16T10:10:22+08:00 ] 172.17.0.1 /ueditor/php/upload/image/20201225/1608890017701511.jpg
INFO: [ app_init ] --START--
INFO: Run Behavior\BuildLiteBehavior [ RunTime:0.000010s ]
INFO: [ app_init ] --END-- [ RunTime:0.000215s ]
ERR: 无法加载模块:Ueditor

[ 2021-01-16T10:10:22+08:00 ] 172.17.0.1 /ueditor/php/upload/image/20201225/1608890024357905.jpg
INFO: [ app_init ] --START--
INFO: Run Behavior\BuildLiteBehavior [ RunTime:0.000012s ]
INFO: [ app_init ] --END-- [ RunTime:0.000285s ]
ERR: 无法加载模块:Ueditor

[ 2021-01-16T10:10:22+08:00 ] 172.17.0.1 /ueditor/php/upload/image/20201225/1608890028687143.jpg
INFO: [ app_init ] --START--
INFO: Run Behavior\BuildLiteBehavior [ RunTime:0.000012s ]
INFO: [ app_init ] --END-- [ RunTime:0.000293s ]
ERR: 无法加载模块:Ueditor

[ 2021-01-16T10:10:22+08:00 ] 172.17.0.1 /ueditor/php/upload/image/20201225/1608890057547716.jpg
INFO: [ app_init ] --START--
INFO: Run Behavior\BuildLiteBehavior [ RunTime:0.000010s ]
INFO: [ app_init ] --END-- [ RunTime:0.000216s ]
ERR: 无法加载模块:Ueditor

[ 2021-01-16T10:10:22+08:00 ] 172.17.0.1 /ueditor/php/upload/image/20201225/1608890051501763.jpg
INFO: [ app_init ] --START--
INFO: Run Behavior\BuildLiteBehavior [ RunTime:0.000011s ]
INFO: [ app_init ] --END-- [ RunTime:0.000287s ]
ERR: 无法加载模块:Ueditor

[ 2021-01-16T10:10:22+08:00 ] 172.17.0.1 /ueditor/php/upload/image/20201225/1608890062898649.jpg
INFO: [ app_init ] --START--
INFO: Run Behavior\BuildLiteBehavior [ RunTime:0.000013s ]
INFO: [ app_init ] --END-- [ RunTime:0.000303s ]
ERR: 无法加载模块:Ueditor

[ 2021-01-16T10:10:22+08:00 ] 172.17.0.1 /ueditor/php/upload/image/20201225/1608890065496375.jpg
INFO: [ app_init ] --START--
INFO: Run Behavior\BuildLiteBehavior [ RunTime:0.000012s ]
INFO: [ app_init ] --END-- [ RunTime:0.000272s ]
ERR: 无法加载模块:Ueditor

[ 2021-01-16T10:10:22+08:00 ] 172.17.0.1 /ueditor/php/upload/image/20201225/1608890070295606.jpg
INFO: [ app_init ] --START--
INFO: Run Behavior\BuildLiteBehavior [ RunTime:0.000013s ]
INFO: [ app_init ] --END-- [ RunTime:0.000325s ]
ERR: 无法加载模块:Ueditor

[ 2021-01-16T10:10:22+08:00 ] 172.17.0.1 /ueditor/php/upload/image/20201225/1608890074832556.jpg
INFO: [ app_init ] --START--
INFO: Run Behavior\BuildLiteBehavior [ RunTime:0.000014s ]
INFO: [ app_init ] --END-- [ RunTime:0.000338s ]
ERR: 无法加载模块:Ueditor

[ 2021-01-16T10:10:22+08:00 ] 172.17.0.1 /ueditor/php/upload/image/20201225/1608890080266017.jpg
INFO: [ app_init ] --START--
INFO: Run Behavior\BuildLiteBehavior [ RunTime:0.000009s ]
INFO: [ app_init ] --END-- [ RunTime:0.000216s ]
ERR: 无法加载模块:Ueditor

[ 2021-01-16T10:10:22+08:00 ] 172.17.0.1 /ueditor/php/upload/image/20201225/1608890086457514.jpg
INFO: [ app_init ] --START--
INFO: Run Behavior\BuildLiteBehavior [ RunTime:0.000014s ]
INFO: [ app_init ] --END-- [ RunTime:0.000324s ]
ERR: 无法加载模块:Ueditor

[ 2021-01-16T10:10:22+08:00 ] 172.17.0.1 /ueditor/php/upload/image/20201225/1608890094585012.jpg
INFO: [ app_init ] --START--
INFO: Run Behavior\BuildLiteBehavior [ RunTime:0.000010s ]
INFO: [ app_init ] --END-- [ RunTime:0.000256s ]
ERR: 无法加载模块:Ueditor

