[ 2021-01-12T15:41:26+08:00 ] 172.17.0.1 /index.php/Admin/order/index/
INFO: [ app_init ] --START--
INFO: Run Behavior\BuildLiteBehavior [ RunTime:0.000017s ]
INFO: [ app_init ] --END-- [ RunTime:0.000424s ]
ERR: 无法加载模块:Index.php

[ 2021-01-12T15:43:04+08:00 ] 172.17.0.1 /index.php/Admin/Account/tixian/ischeck/1/
INFO: [ app_init ] --START--
INFO: Run Behavior\BuildLiteBehavior [ RunTime:0.000015s ]
INFO: [ app_init ] --END-- [ RunTime:0.000342s ]
ERR: 无法加载模块:Index.php

[ 2021-01-12T16:02:34+08:00 ] 172.17.0.1 /index.php/Admin/Index/web/
INFO: [ app_init ] --START--
INFO: Run Behavior\BuildLiteBehavior [ RunTime:0.000013s ]
INFO: [ app_init ] --END-- [ RunTime:0.000297s ]
ERR: 无法加载模块:Index.php

[ 2021-01-12T16:15:01+08:00 ] 172.17.0.1 /index.php/Admin/Account/tixian/ischeck/1/
INFO: [ app_init ] --START--
INFO: Run Behavior\BuildLiteBehavior [ RunTime:0.000012s ]
INFO: [ app_init ] --END-- [ RunTime:0.000274s ]
ERR: 无法加载模块:Index.php

[ 2021-01-12T16:16:20+08:00 ] 172.17.0.1 /index.php/Admin/Account/tixian/ischeck/1/
INFO: [ app_init ] --START--
INFO: Run Behavior\BuildLiteBehavior [ RunTime:0.000013s ]
INFO: [ app_init ] --END-- [ RunTime:0.000303s ]
ERR: 无法加载模块:Index.php

[ 2021-01-12T16:16:21+08:00 ] 172.17.0.1 /index.php/Admin/Account/tixian/ischeck/1/
INFO: [ app_init ] --START--
INFO: Run Behavior\BuildLiteBehavior [ RunTime:0.000009s ]
INFO: [ app_init ] --END-- [ RunTime:0.000213s ]
ERR: 无法加载模块:Index.php

[ 2021-01-12T16:16:21+08:00 ] 172.17.0.1 /index.php/Admin/Account/tixian/ischeck/1/
INFO: [ app_init ] --START--
INFO: Run Behavior\BuildLiteBehavior [ RunTime:0.000015s ]
INFO: [ app_init ] --END-- [ RunTime:0.000314s ]
ERR: 无法加载模块:Index.php

[ 2021-01-12T16:17:38+08:00 ] 172.17.0.1 /index.php/Admin/Account/tixian/
INFO: [ app_init ] --START--
INFO: Run Behavior\BuildLiteBehavior [ RunTime:0.000015s ]
INFO: [ app_init ] --END-- [ RunTime:0.000284s ]
ERR: 无法加载模块:Index.php

[ 2021-01-12T16:19:04+08:00 ] 172.17.0.1 /index.php/Admin/Account/tixian/
INFO: [ app_init ] --START--
INFO: Run Behavior\BuildLiteBehavior [ RunTime:0.000012s ]
INFO: [ app_init ] --END-- [ RunTime:0.000340s ]
ERR: 无法加载模块:Index.php

[ 2021-01-12T16:19:06+08:00 ] 172.17.0.1 /index.php/Admin/Account/tixian/
INFO: [ app_init ] --START--
INFO: Run Behavior\BuildLiteBehavior [ RunTime:0.000011s ]
INFO: [ app_init ] --END-- [ RunTime:0.000239s ]
ERR: 无法加载模块:Index.php

[ 2021-01-12T16:19:06+08:00 ] 172.17.0.1 /index.php/Admin/Account/tixian/
INFO: [ app_init ] --START--
INFO: Run Behavior\BuildLiteBehavior [ RunTime:0.000022s ]
INFO: [ app_init ] --END-- [ RunTime:0.000476s ]
ERR: 无法加载模块:Index.php

[ 2021-01-12T16:19:06+08:00 ] 172.17.0.1 /index.php/Admin/Account/tixian/
INFO: [ app_init ] --START--
INFO: Run Behavior\BuildLiteBehavior [ RunTime:0.000010s ]
INFO: [ app_init ] --END-- [ RunTime:0.000224s ]
ERR: 无法加载模块:Index.php

[ 2021-01-12T16:19:06+08:00 ] 172.17.0.1 /index.php/Admin/Account/tixian/
INFO: [ app_init ] --START--
INFO: Run Behavior\BuildLiteBehavior [ RunTime:0.000014s ]
INFO: [ app_init ] --END-- [ RunTime:0.000341s ]
ERR: 无法加载模块:Index.php

[ 2021-01-12T16:19:06+08:00 ] 172.17.0.1 /index.php/Admin/Account/tixian/
INFO: [ app_init ] --START--
INFO: Run Behavior\BuildLiteBehavior [ RunTime:0.000019s ]
INFO: [ app_init ] --END-- [ RunTime:0.000255s ]
ERR: 无法加载模块:Index.php

[ 2021-01-12T16:19:07+08:00 ] 172.17.0.1 /index.php/Admin/Account/tixian/
INFO: [ app_init ] --START--
INFO: Run Behavior\BuildLiteBehavior [ RunTime:0.000015s ]
INFO: [ app_init ] --END-- [ RunTime:0.000327s ]
ERR: 无法加载模块:Index.php

[ 2021-01-12T16:21:03+08:00 ] 172.17.0.1 /index.php/Admin/Account/tixian/
INFO: [ app_init ] --START--
INFO: Run Behavior\BuildLiteBehavior [ RunTime:0.000011s ]
INFO: [ app_init ] --END-- [ RunTime:0.000238s ]
ERR: 无法加载模块:Index.php

[ 2021-01-12T16:21:04+08:00 ] 172.17.0.1 /index.php/Admin/Account/tixian/
INFO: [ app_init ] --START--
INFO: Run Behavior\BuildLiteBehavior [ RunTime:0.000018s ]
INFO: [ app_init ] --END-- [ RunTime:0.000420s ]
ERR: 无法加载模块:Index.php

[ 2021-01-12T16:21:59+08:00 ] 172.17.0.1 /index.php/Admin/Account/tixian/
INFO: [ app_init ] --START--
INFO: Run Behavior\BuildLiteBehavior [ RunTime:0.000023s ]
INFO: [ app_init ] --END-- [ RunTime:0.001292s ]
ERR: 无法加载模块:Index.php

[ 2021-01-12T16:22:00+08:00 ] 172.17.0.1 /index.php/Admin/Account/tixian/
INFO: [ app_init ] --START--
INFO: Run Behavior\BuildLiteBehavior [ RunTime:0.000019s ]
INFO: [ app_init ] --END-- [ RunTime:0.000459s ]
ERR: 无法加载模块:Index.php

[ 2021-01-12T16:22:00+08:00 ] 172.17.0.1 /index.php/Admin/Account/tixian/
INFO: [ app_init ] --START--
INFO: Run Behavior\BuildLiteBehavior [ RunTime:0.000012s ]
INFO: [ app_init ] --END-- [ RunTime:0.000277s ]
ERR: 无法加载模块:Index.php

[ 2021-01-12T16:22:01+08:00 ] 172.17.0.1 /index.php/Admin/Account/tixian/
INFO: [ app_init ] --START--
INFO: Run Behavior\BuildLiteBehavior [ RunTime:0.000010s ]
INFO: [ app_init ] --END-- [ RunTime:0.000243s ]
ERR: 无法加载模块:Index.php

[ 2021-01-12T16:22:01+08:00 ] 172.17.0.1 /index.php/Admin/Account/tixian/
INFO: [ app_init ] --START--
INFO: Run Behavior\BuildLiteBehavior [ RunTime:0.000015s ]
INFO: [ app_init ] --END-- [ RunTime:0.000384s ]
ERR: 无法加载模块:Index.php

[ 2021-01-12T16:22:01+08:00 ] 172.17.0.1 /index.php/Admin/Account/tixian/
INFO: [ app_init ] --START--
INFO: Run Behavior\BuildLiteBehavior [ RunTime:0.000013s ]
INFO: [ app_init ] --END-- [ RunTime:0.000281s ]
ERR: 无法加载模块:Index.php

[ 2021-01-12T16:22:01+08:00 ] 172.17.0.1 /index.php/Admin/Account/tixian/
INFO: [ app_init ] --START--
INFO: Run Behavior\BuildLiteBehavior [ RunTime:0.000016s ]
INFO: [ app_init ] --END-- [ RunTime:0.000369s ]
ERR: 无法加载模块:Index.php

[ 2021-01-12T16:22:01+08:00 ] 172.17.0.1 /index.php/Admin/Account/tixian/
INFO: [ app_init ] --START--
INFO: Run Behavior\BuildLiteBehavior [ RunTime:0.000021s ]
INFO: [ app_init ] --END-- [ RunTime:0.000414s ]
ERR: 无法加载模块:Index.php

[ 2021-01-12T16:22:01+08:00 ] 172.17.0.1 /index.php/Admin/Account/tixian/
INFO: [ app_init ] --START--
INFO: Run Behavior\BuildLiteBehavior [ RunTime:0.000011s ]
INFO: [ app_init ] --END-- [ RunTime:0.000236s ]
ERR: 无法加载模块:Index.php

[ 2021-01-12T16:22:02+08:00 ] 172.17.0.1 /index.php/Admin/Account/tixian/
INFO: [ app_init ] --START--
INFO: Run Behavior\BuildLiteBehavior [ RunTime:0.000012s ]
INFO: [ app_init ] --END-- [ RunTime:0.000311s ]
ERR: 无法加载模块:Index.php

[ 2021-01-12T16:22:02+08:00 ] 172.17.0.1 /index.php/Admin/Account/tixian/
INFO: [ app_init ] --START--
INFO: Run Behavior\BuildLiteBehavior [ RunTime:0.000009s ]
INFO: [ app_init ] --END-- [ RunTime:0.000224s ]
ERR: 无法加载模块:Index.php

[ 2021-01-12T16:22:02+08:00 ] 172.17.0.1 /index.php/Admin/Account/tixian/
INFO: [ app_init ] --START--
INFO: Run Behavior\BuildLiteBehavior [ RunTime:0.000027s ]
INFO: [ app_init ] --END-- [ RunTime:0.000675s ]
ERR: 无法加载模块:Index.php

[ 2021-01-12T16:22:02+08:00 ] 172.17.0.1 /index.php/Admin/Account/tixian/
INFO: [ app_init ] --START--
INFO: Run Behavior\BuildLiteBehavior [ RunTime:0.000012s ]
INFO: [ app_init ] --END-- [ RunTime:0.000294s ]
ERR: 无法加载模块:Index.php

[ 2021-01-12T16:22:02+08:00 ] 172.17.0.1 /index.php/Admin/Account/tixian/
INFO: [ app_init ] --START--
INFO: Run Behavior\BuildLiteBehavior [ RunTime:0.000016s ]
INFO: [ app_init ] --END-- [ RunTime:0.000369s ]
ERR: 无法加载模块:Index.php

[ 2021-01-12T16:22:03+08:00 ] 172.17.0.1 /index.php/Admin/Account/tixian/
INFO: [ app_init ] --START--
INFO: Run Behavior\BuildLiteBehavior [ RunTime:0.000017s ]
INFO: [ app_init ] --END-- [ RunTime:0.000381s ]
ERR: 无法加载模块:Index.php

[ 2021-01-12T16:22:03+08:00 ] 172.17.0.1 /index.php/Admin/Account/tixian/
INFO: [ app_init ] --START--
INFO: Run Behavior\BuildLiteBehavior [ RunTime:0.000010s ]
INFO: [ app_init ] --END-- [ RunTime:0.000223s ]
ERR: 无法加载模块:Index.php

[ 2021-01-12T16:22:04+08:00 ] 172.17.0.1 /index.php/Admin/Account/tixian/
INFO: [ app_init ] --START--
INFO: Run Behavior\BuildLiteBehavior [ RunTime:0.000044s ]
INFO: [ app_init ] --END-- [ RunTime:0.000561s ]
ERR: 无法加载模块:Index.php

[ 2021-01-12T16:22:04+08:00 ] 172.17.0.1 /index.php/Admin/Account/tixian/
INFO: [ app_init ] --START--
INFO: Run Behavior\BuildLiteBehavior [ RunTime:0.000018s ]
INFO: [ app_init ] --END-- [ RunTime:0.000370s ]
ERR: 无法加载模块:Index.php

[ 2021-01-12T16:22:05+08:00 ] 172.17.0.1 /index.php/Admin/Account/tixian/
INFO: [ app_init ] --START--
INFO: Run Behavior\BuildLiteBehavior [ RunTime:0.000013s ]
INFO: [ app_init ] --END-- [ RunTime:0.000272s ]
ERR: 无法加载模块:Index.php

[ 2021-01-12T16:22:06+08:00 ] 172.17.0.1 /index.php/Admin/Account/tixian/
INFO: [ app_init ] --START--
INFO: Run Behavior\BuildLiteBehavior [ RunTime:0.000013s ]
INFO: [ app_init ] --END-- [ RunTime:0.000296s ]
ERR: 无法加载模块:Index.php

[ 2021-01-12T16:22:50+08:00 ] 172.17.0.1 /index.php/Admin/Account/tixian/
INFO: [ app_init ] --START--
INFO: Run Behavior\BuildLiteBehavior [ RunTime:0.000011s ]
INFO: [ app_init ] --END-- [ RunTime:0.000230s ]
ERR: 无法加载模块:Index.php

[ 2021-01-12T16:22:50+08:00 ] 172.17.0.1 /index.php/Admin/Account/tixian/
INFO: [ app_init ] --START--
INFO: Run Behavior\BuildLiteBehavior [ RunTime:0.000013s ]
INFO: [ app_init ] --END-- [ RunTime:0.000299s ]
ERR: 无法加载模块:Index.php

[ 2021-01-12T16:22:51+08:00 ] 172.17.0.1 /index.php/Admin/Account/tixian/
INFO: [ app_init ] --START--
INFO: Run Behavior\BuildLiteBehavior [ RunTime:0.000016s ]
INFO: [ app_init ] --END-- [ RunTime:0.000273s ]
ERR: 无法加载模块:Index.php

[ 2021-01-12T16:22:51+08:00 ] 172.17.0.1 /index.php/Admin/Account/tixian/
INFO: [ app_init ] --START--
INFO: Run Behavior\BuildLiteBehavior [ RunTime:0.000015s ]
INFO: [ app_init ] --END-- [ RunTime:0.000335s ]
ERR: 无法加载模块:Index.php

[ 2021-01-12T16:22:51+08:00 ] 172.17.0.1 /index.php/Admin/Account/tixian/
INFO: [ app_init ] --START--
INFO: Run Behavior\BuildLiteBehavior [ RunTime:0.000026s ]
INFO: [ app_init ] --END-- [ RunTime:0.000629s ]
ERR: 无法加载模块:Index.php

[ 2021-01-12T16:22:51+08:00 ] 172.17.0.1 /index.php/Admin/Account/tixian/
INFO: [ app_init ] --START--
INFO: Run Behavior\BuildLiteBehavior [ RunTime:0.000011s ]
INFO: [ app_init ] --END-- [ RunTime:0.000220s ]
ERR: 无法加载模块:Index.php

[ 2021-01-12T16:22:51+08:00 ] 172.17.0.1 /index.php/Admin/Account/tixian/
INFO: [ app_init ] --START--
INFO: Run Behavior\BuildLiteBehavior [ RunTime:0.000015s ]
INFO: [ app_init ] --END-- [ RunTime:0.000348s ]
ERR: 无法加载模块:Index.php

[ 2021-01-12T16:22:51+08:00 ] 172.17.0.1 /index.php/Admin/Account/tixian/
INFO: [ app_init ] --START--
INFO: Run Behavior\BuildLiteBehavior [ RunTime:0.000010s ]
INFO: [ app_init ] --END-- [ RunTime:0.000226s ]
ERR: 无法加载模块:Index.php

[ 2021-01-12T16:22:51+08:00 ] 172.17.0.1 /index.php/Admin/Account/tixian/
INFO: [ app_init ] --START--
INFO: Run Behavior\BuildLiteBehavior [ RunTime:0.000012s ]
INFO: [ app_init ] --END-- [ RunTime:0.000268s ]
ERR: 无法加载模块:Index.php

[ 2021-01-12T16:22:52+08:00 ] 172.17.0.1 /index.php/Admin/Account/tixian/
INFO: [ app_init ] --START--
INFO: Run Behavior\BuildLiteBehavior [ RunTime:0.000015s ]
INFO: [ app_init ] --END-- [ RunTime:0.000343s ]
ERR: 无法加载模块:Index.php

[ 2021-01-12T16:22:52+08:00 ] 172.17.0.1 /index.php/Admin/Account/tixian/
INFO: [ app_init ] --START--
INFO: Run Behavior\BuildLiteBehavior [ RunTime:0.000012s ]
INFO: [ app_init ] --END-- [ RunTime:0.000234s ]
ERR: 无法加载模块:Index.php

[ 2021-01-12T16:22:52+08:00 ] 172.17.0.1 /index.php/Admin/Account/tixian/
INFO: [ app_init ] --START--
INFO: Run Behavior\BuildLiteBehavior [ RunTime:0.000025s ]
INFO: [ app_init ] --END-- [ RunTime:0.000657s ]
ERR: 无法加载模块:Index.php

[ 2021-01-12T16:22:52+08:00 ] 172.17.0.1 /index.php/Admin/Account/tixian/
INFO: [ app_init ] --START--
INFO: Run Behavior\BuildLiteBehavior [ RunTime:0.000013s ]
INFO: [ app_init ] --END-- [ RunTime:0.000290s ]
ERR: 无法加载模块:Index.php

[ 2021-01-12T16:22:53+08:00 ] 172.17.0.1 /index.php/Admin/Account/tixian/
INFO: [ app_init ] --START--
INFO: Run Behavior\BuildLiteBehavior [ RunTime:0.000010s ]
INFO: [ app_init ] --END-- [ RunTime:0.000242s ]
ERR: 无法加载模块:Index.php

[ 2021-01-12T16:22:53+08:00 ] 172.17.0.1 /index.php/Admin/Account/tixian/
INFO: [ app_init ] --START--
INFO: Run Behavior\BuildLiteBehavior [ RunTime:0.000011s ]
INFO: [ app_init ] --END-- [ RunTime:0.000273s ]
ERR: 无法加载模块:Index.php

[ 2021-01-12T16:22:53+08:00 ] 172.17.0.1 /index.php/Admin/Account/tixian/
INFO: [ app_init ] --START--
INFO: Run Behavior\BuildLiteBehavior [ RunTime:0.000015s ]
INFO: [ app_init ] --END-- [ RunTime:0.000354s ]
ERR: 无法加载模块:Index.php

[ 2021-01-12T16:22:54+08:00 ] 172.17.0.1 /index.php/Admin/Account/tixian/
INFO: [ app_init ] --START--
INFO: Run Behavior\BuildLiteBehavior [ RunTime:0.000009s ]
INFO: [ app_init ] --END-- [ RunTime:0.000211s ]
ERR: 无法加载模块:Index.php

[ 2021-01-12T16:22:55+08:00 ] 172.17.0.1 /index.php/Admin/Account/tixian/
INFO: [ app_init ] --START--
INFO: Run Behavior\BuildLiteBehavior [ RunTime:0.000010s ]
INFO: [ app_init ] --END-- [ RunTime:0.000228s ]
ERR: 无法加载模块:Index.php

[ 2021-01-12T16:22:55+08:00 ] 172.17.0.1 /index.php/Admin/Account/tixian/
INFO: [ app_init ] --START--
INFO: Run Behavior\BuildLiteBehavior [ RunTime:0.000034s ]
INFO: [ app_init ] --END-- [ RunTime:0.000520s ]
ERR: 无法加载模块:Index.php

[ 2021-01-12T16:22:55+08:00 ] 172.17.0.1 /index.php/Admin/Account/tixian/
INFO: [ app_init ] --START--
INFO: Run Behavior\BuildLiteBehavior [ RunTime:0.000015s ]
INFO: [ app_init ] --END-- [ RunTime:0.000371s ]
ERR: 无法加载模块:Index.php

[ 2021-01-12T16:22:55+08:00 ] 172.17.0.1 /index.php/Admin/Account/tixian/
INFO: [ app_init ] --START--
INFO: Run Behavior\BuildLiteBehavior [ RunTime:0.000023s ]
INFO: [ app_init ] --END-- [ RunTime:0.000532s ]
ERR: 无法加载模块:Index.php

[ 2021-01-12T16:22:55+08:00 ] 172.17.0.1 /index.php/Admin/Account/tixian/
INFO: [ app_init ] --START--
INFO: Run Behavior\BuildLiteBehavior [ RunTime:0.000014s ]
INFO: [ app_init ] --END-- [ RunTime:0.000328s ]
ERR: 无法加载模块:Index.php

[ 2021-01-12T16:22:56+08:00 ] 172.17.0.1 /index.php/Admin/Account/tixian/
INFO: [ app_init ] --START--
INFO: Run Behavior\BuildLiteBehavior [ RunTime:0.000013s ]
INFO: [ app_init ] --END-- [ RunTime:0.000312s ]
ERR: 无法加载模块:Index.php

[ 2021-01-12T16:23:59+08:00 ] 172.17.0.1 /index.php/Admin/Account/tixian/
INFO: [ app_init ] --START--
INFO: Run Behavior\BuildLiteBehavior [ RunTime:0.000015s ]
INFO: [ app_init ] --END-- [ RunTime:0.000360s ]
ERR: 无法加载模块:Index.php

[ 2021-01-12T16:24:00+08:00 ] 172.17.0.1 /index.php/Admin/Account/tixian/
INFO: [ app_init ] --START--
INFO: Run Behavior\BuildLiteBehavior [ RunTime:0.000013s ]
INFO: [ app_init ] --END-- [ RunTime:0.000344s ]
ERR: 无法加载模块:Index.php

[ 2021-01-12T16:24:00+08:00 ] 172.17.0.1 /index.php/Admin/Account/tixian/
INFO: [ app_init ] --START--
INFO: Run Behavior\BuildLiteBehavior [ RunTime:0.000016s ]
INFO: [ app_init ] --END-- [ RunTime:0.000286s ]
ERR: 无法加载模块:Index.php

[ 2021-01-12T16:24:00+08:00 ] 172.17.0.1 /index.php/Admin/Account/tixian/
INFO: [ app_init ] --START--
INFO: Run Behavior\BuildLiteBehavior [ RunTime:0.000017s ]
INFO: [ app_init ] --END-- [ RunTime:0.000549s ]
ERR: 无法加载模块:Index.php

[ 2021-01-12T16:24:00+08:00 ] 172.17.0.1 /index.php/Admin/Account/tixian/
INFO: [ app_init ] --START--
INFO: Run Behavior\BuildLiteBehavior [ RunTime:0.000011s ]
INFO: [ app_init ] --END-- [ RunTime:0.000265s ]
ERR: 无法加载模块:Index.php

[ 2021-01-12T16:24:00+08:00 ] 172.17.0.1 /index.php/Admin/Account/tixian/
INFO: [ app_init ] --START--
INFO: Run Behavior\BuildLiteBehavior [ RunTime:0.000025s ]
INFO: [ app_init ] --END-- [ RunTime:0.000471s ]
ERR: 无法加载模块:Index.php

[ 2021-01-12T16:24:00+08:00 ] 172.17.0.1 /index.php/Admin/Account/tixian/
INFO: [ app_init ] --START--
INFO: Run Behavior\BuildLiteBehavior [ RunTime:0.000010s ]
INFO: [ app_init ] --END-- [ RunTime:0.000219s ]
ERR: 无法加载模块:Index.php

[ 2021-01-12T16:24:01+08:00 ] 172.17.0.1 /index.php/Admin/Account/tixian/
INFO: [ app_init ] --START--
INFO: Run Behavior\BuildLiteBehavior [ RunTime:0.000014s ]
INFO: [ app_init ] --END-- [ RunTime:0.000306s ]
ERR: 无法加载模块:Index.php

[ 2021-01-12T16:24:01+08:00 ] 172.17.0.1 /index.php/Admin/Account/tixian/
INFO: [ app_init ] --START--
INFO: Run Behavior\BuildLiteBehavior [ RunTime:0.000011s ]
INFO: [ app_init ] --END-- [ RunTime:0.000233s ]
ERR: 无法加载模块:Index.php

[ 2021-01-12T16:24:01+08:00 ] 172.17.0.1 /index.php/Admin/Account/tixian/
INFO: [ app_init ] --START--
INFO: Run Behavior\BuildLiteBehavior [ RunTime:0.000024s ]
INFO: [ app_init ] --END-- [ RunTime:0.000753s ]
ERR: 无法加载模块:Index.php

[ 2021-01-12T16:24:01+08:00 ] 172.17.0.1 /index.php/Admin/Account/tixian/
INFO: [ app_init ] --START--
INFO: Run Behavior\BuildLiteBehavior [ RunTime:0.000012s ]
INFO: [ app_init ] --END-- [ RunTime:0.000286s ]
ERR: 无法加载模块:Index.php

[ 2021-01-12T16:24:02+08:00 ] 172.17.0.1 /index.php/Admin/Account/tixian/
INFO: [ app_init ] --START--
INFO: Run Behavior\BuildLiteBehavior [ RunTime:0.000013s ]
INFO: [ app_init ] --END-- [ RunTime:0.000327s ]
ERR: 无法加载模块:Index.php

[ 2021-01-12T16:24:10+08:00 ] 172.17.0.1 /index.php/Admin/Account/tixian/ischeck/1/
INFO: [ app_init ] --START--
INFO: Run Behavior\BuildLiteBehavior [ RunTime:0.000011s ]
INFO: [ app_init ] --END-- [ RunTime:0.000218s ]
ERR: 无法加载模块:Index.php

[ 2021-01-12T16:24:24+08:00 ] 172.17.0.1 /index.php/Admin/Account/memberstatistics/
INFO: [ app_init ] --START--
INFO: Run Behavior\BuildLiteBehavior [ RunTime:0.000015s ]
INFO: [ app_init ] --END-- [ RunTime:0.000344s ]
ERR: 无法加载模块:Index.php

[ 2021-01-12T16:26:47+08:00 ] 172.17.0.1 /index.php/Admin/Account/tixian/ischeck/1/
INFO: [ app_init ] --START--
INFO: Run Behavior\BuildLiteBehavior [ RunTime:0.000011s ]
INFO: [ app_init ] --END-- [ RunTime:0.000339s ]
ERR: 无法加载模块:Index.php

[ 2021-01-12T16:26:59+08:00 ] 172.17.0.1 /Index.php/Admin/Account/tixian/ischeck/1/
INFO: [ app_init ] --START--
INFO: Run Behavior\BuildLiteBehavior [ RunTime:0.000011s ]
INFO: [ app_init ] --END-- [ RunTime:0.000234s ]
ERR: 无法加载模块:Index.php

[ 2021-01-12T16:27:05+08:00 ] 172.17.0.1 /Index.php/Admin/Account/tixian/ischeck/1/
INFO: [ app_init ] --START--
INFO: Run Behavior\BuildLiteBehavior [ RunTime:0.000014s ]
INFO: [ app_init ] --END-- [ RunTime:0.000332s ]
ERR: 无法加载模块:Index.php

[ 2021-01-12T16:27:14+08:00 ] 172.17.0.1 /index.php/Admin/Account/tixian/ischeck/1/
INFO: [ app_init ] --START--
INFO: Run Behavior\BuildLiteBehavior [ RunTime:0.000014s ]
INFO: [ app_init ] --END-- [ RunTime:0.000335s ]
ERR: 无法加载模块:Index.php

